<?xml version="1.0" encoding="UTF-8"?>
<testng-results ignored="0" total="1" passed="1" failed="0" skipped="0">
  <reporter-output>
  </reporter-output>
  <suite started-at="2026-07-31T13:26:21 IST" name="Default suite" finished-at="2026-07-31T13:26:46 IST" duration-ms="24792">
    <groups>
    </groups>
    <test started-at="2026-07-31T13:26:21 IST" name="Default test" finished-at="2026-07-31T13:26:46 IST" duration-ms="24792">
      <class name="test.LoginTest">
        <test-method is-config="true" signature="setUp()[pri:0, instance:test.LoginTest@409bf450]" started-at="2026-07-31T13:26:21 IST" name="setUp" finished-at="2026-07-31T13:26:37 IST" duration-ms="15286" status="PASS">
          <reporter-output>
          </reporter-output>
        </test-method> <!-- setUp -->
        <test-method signature="testValidLogin()[pri:0, instance:test.LoginTest@409bf450]" started-at="2026-07-31T13:26:37 IST" name="testValidLogin" finished-at="2026-07-31T13:26:46 IST" duration-ms="9292" status="PASS">
          <reporter-output>
          </reporter-output>
        </test-method> <!-- testValidLogin -->
        <test-method is-config="true" signature="teadDown()[pri:0, instance:test.LoginTest@409bf450]" started-at="2026-07-31T13:26:46 IST" name="teadDown" finished-at="2026-07-31T13:26:46 IST" duration-ms="164" status="PASS">
          <reporter-output>
          </reporter-output>
        </test-method> <!-- teadDown -->
      </class> <!-- test.LoginTest -->
    </test> <!-- Default test -->
  </suite> <!-- Default suite -->
</testng-results>
