<?xml version="1.0" encoding="UTF-8"?>
<testng-results ignored="0" total="1" passed="1" failed="0" skipped="0">
  <reporter-output>
  </reporter-output>
  <suite started-at="2026-07-29T21:50:00 IST" name="Default suite" finished-at="2026-07-29T21:50:13 IST" duration-ms="13911">
    <groups>
    </groups>
    <test started-at="2026-07-29T21:50:00 IST" name="Default test" finished-at="2026-07-29T21:50:13 IST" duration-ms="13911">
      <class name="test.DummyTest">
        <test-method is-config="true" signature="setUp()[pri:0, instance:test.DummyTest@3349e9bb]" started-at="2026-07-29T21:50:00 IST" name="setUp" finished-at="2026-07-29T21:50:13 IST" duration-ms="13691" status="PASS">
          <reporter-output>
          </reporter-output>
        </test-method> <!-- setUp -->
        <test-method signature="checkTitle()[pri:0, instance:test.DummyTest@3349e9bb]" started-at="2026-07-29T21:50:13 IST" name="checkTitle" finished-at="2026-07-29T21:50:13 IST" duration-ms="68" status="PASS">
          <reporter-output>
          </reporter-output>
        </test-method> <!-- checkTitle -->
        <test-method is-config="true" signature="teadDown()[pri:0, instance:test.DummyTest@3349e9bb]" started-at="2026-07-29T21:50:13 IST" name="teadDown" finished-at="2026-07-29T21:50:13 IST" duration-ms="104" status="PASS">
          <reporter-output>
          </reporter-output>
        </test-method> <!-- teadDown -->
      </class> <!-- test.DummyTest -->
    </test> <!-- Default test -->
  </suite> <!-- Default suite -->
</testng-results>
